{"obj": {"type": "AssignString", "path": ["sys", "name"], "value": "Untitled"}, "version": 1, "at": 1707563816.6899145}
{"obj": {"type": "AssignString", "path": ["sys", "description"], "value": ""}, "version": 2, "at": 1707563816.6958058}
{"obj": {"type": "AssignString", "path": ["monitoring", "00006f47", "hostname"], "value": "VISHNU"}, "version": 3, "at": 1707563816.6958058}
{"obj": {"type": "AssignString", "path": ["sys", "hostname"], "value": "VISHNU"}, "version": 4, "at": 1707563816.6958058}
{"obj": {"type": "AssignString", "path": ["monitoring", "00006f47", "pid"], "value": "18412"}, "version": 5, "at": 1707563816.6958058}
{"obj": {"type": "AssignString", "path": ["monitoring", "00006f47", "tid"], "value": "9776"}, "version": 6, "at": 1707563816.6958058}
{"obj": {"type": "AssignBool", "path": ["sys", "failed"], "value": false}, "version": 7, "at": 1707563816.6958058}
{"obj": {"type": "ClearStringLog", "path": ["monitoring", "00006f47", "stdout"]}, "version": 8, "at": 1707563816.6958058}
{"obj": {"type": "ClearStringLog", "path": ["monitoring", "00006f47", "stderr"]}, "version": 9, "at": 1707563816.6958058}
{"obj": {"type": "AssignString", "path": ["source_code", "entrypoint"], "value": "Logistic.py"}, "version": 10, "at": 1707563816.6970408}
{"obj": {"type": "UploadFileSet", "path": ["source_code", "files"], "file_globs": ["D:\\Vishnu Clg\\Mini_Project\\Logistic.py"], "reset": "False"}, "version": 11, "at": 1707563816.6970408}
{"obj": {"type": "LogStrings", "path": ["monitoring", "00006f47", "stderr"], "values": [{"value": "Info (NVML): NVML Shared Library Not Found. GPU usage metrics may not be reported. For more information, see https://docs.neptune.ai/help/nvml_error/\n", "step": null, "ts": 1707563816.7190557}]}, "version": 12, "at": 1707563816.7190557}
{"obj": {"type": "ConfigFloatSeries", "path": ["monitoring", "00006f47", "cpu"], "min": 0.0, "max": 100.0, "unit": "%"}, "version": 13, "at": 1707563816.7190557}
{"obj": {"type": "ClearFloatLog", "path": ["monitoring", "00006f47", "cpu"]}, "version": 14, "at": 1707563816.7236004}
{"obj": {"type": "ConfigFloatSeries", "path": ["monitoring", "00006f47", "memory"], "min": 0.0, "max": 7.326198577880859, "unit": "GB"}, "version": 15, "at": 1707563816.7236004}
{"obj": {"type": "ClearFloatLog", "path": ["monitoring", "00006f47", "memory"]}, "version": 16, "at": 1707563816.724835}
{"obj": {"type": "LogFloats", "path": ["monitoring", "00006f47", "memory"], "values": [{"value": 6.156475067138672, "step": null, "ts": 1707563816.7253568}]}, "version": 17, "at": 1707563816.7348254}
{"obj": {"type": "LogStrings", "path": ["monitoring", "00006f47", "stderr"], "values": [{"value": "C:\\Users\\Vishn\\AppData\\Local\\Programs\\Python\\Python312\\Lib\\site-packages\\sklearn\\metrics\\_classification.py:1497: UndefinedMetricWarning: Precision is ill-defined and being set to 0.0 in labels with no predicted samples. Use `zero_division` parameter to control this behavior.\n  _warn_prf(average, modifier, f\"{metric.capitalize()} is\", len(result))\n", "step": null, "ts": 1707563816.8444643}]}, "version": 18, "at": 1707563816.8444643}
{"obj": {"type": "LogStrings", "path": ["monitoring", "00006f47", "stderr"], "values": [{"value": "C:\\Users\\Vishn\\AppData\\Local\\Programs\\Python\\Python312\\Lib\\site-packages\\sklearn\\metrics\\_classification.py:1497: UndefinedMetricWarning: Precision is ill-defined and being set to 0.0 in labels with no predicted samples. Use `zero_division` parameter to control this behavior.\n  _warn_prf(average, modifier, f\"{metric.capitalize()} is\", len(result))\n", "step": null, "ts": 1707563816.8616197}]}, "version": 19, "at": 1707563816.8616197}
{"obj": {"type": "LogStrings", "path": ["monitoring", "00006f47", "stderr"], "values": [{"value": "C:\\Users\\Vishn\\AppData\\Local\\Programs\\Python\\Python312\\Lib\\site-packages\\sklearn\\metrics\\_classification.py:1497: UndefinedMetricWarning: Precision is ill-defined and being set to 0.0 in labels with no predicted samples. Use `zero_division` parameter to control this behavior.\n  _warn_prf(average, modifier, f\"{metric.capitalize()} is\", len(result))\n", "step": null, "ts": 1707563816.869841}]}, "version": 20, "at": 1707563816.869841}
{"obj": {"type": "LogStrings", "path": ["monitoring", "00006f47", "stdout"], "values": [{"value": "              precision    recall  f1-score   support\n\n           0       0.80      1.00      0.89      7963\n           1       0.00      0.00      0.00      2037\n\n    accuracy                           0.80     10000\n   macro avg       0.40      0.50      0.44     10000\nweighted avg       0.63      0.80      0.71     10000\n", "step": null, "ts": 1707563816.869841}]}, "version": 21, "at": 1707563816.8713722}
{"obj": {"type": "LogStrings", "path": ["monitoring", "00006f47", "stdout"], "values": [{"value": "\n", "step": null, "ts": 1707563816.8713722}]}, "version": 22, "at": 1707563816.8713722}
{"obj": {"type": "LogFloats", "path": ["monitoring", "00006f47", "cpu"], "values": [{"value": 5.1, "step": null, "ts": 1707563826.7448006}]}, "version": 23, "at": 1707563826.749543}
{"obj": {"type": "LogFloats", "path": ["monitoring", "00006f47", "memory"], "values": [{"value": 6.221275329589844, "step": null, "ts": 1707563826.7448006}]}, "version": 24, "at": 1707563826.753377}
{"obj": {"type": "LogFloats", "path": ["monitoring", "00006f47", "cpu"], "values": [{"value": 3.8, "step": null, "ts": 1707563836.76315}]}, "version": 25, "at": 1707563836.7709155}
{"obj": {"type": "LogFloats", "path": ["monitoring", "00006f47", "memory"], "values": [{"value": 6.188930511474609, "step": null, "ts": 1707563836.76315}]}, "version": 26, "at": 1707563836.7709155}
{"obj": {"type": "LogStrings", "path": ["monitoring", "00006f47", "stdout"], "values": [{"value": "Shutting down background jobs, please wait a moment...\n", "step": null, "ts": 1707563836.7821407}]}, "version": 27, "at": 1707563836.7821407}
